# JRE version: Java(TM) SE Runtime Environment (8.0_321-b07) (build 1.8.0_321-b07)
# Java VM: Java HotSpot(TM) 64-Bit Server VM (25.321-b07 mixed mode windows-amd64 compressed oops)
Heap:
 PSYoungGen      total 118784K, used 12160K [0x00000000d5b00000, 0x00000000dec00000, 0x0000000100000000)
  eden space 110592K, 10% used [0x00000000d5b00000,0x00000000d66e0150,0x00000000dc700000)
  from space 8192K, 0% used [0x00000000ddc00000,0x00000000ddc00000,0x00000000de400000)
  to   space 6656K, 0% used [0x00000000de580000,0x00000000de580000,0x00000000dec00000)
 ParOldGen       total 55296K, used 16739K [0x0000000081000000, 0x0000000084600000, 0x00000000d5b00000)
  object space 55296K, 30% used [0x0000000081000000,0x0000000082058e40,0x0000000084600000)
 Metaspace       used 33962K, capacity 36136K, committed 36392K, reserved 1081344K
  class space    used 4425K, capacity 4803K, committed 4912K, reserved 1048576K
GC Heap History (10 events):
Event: 3.047 GC heap before
{Heap before GC invocations=5 (full 0):
 PSYoungGen      total 71680K, used 48163K [0x00000000d5b00000, 0x00000000da600000, 0x0000000100000000)
  eden space 66560K, 64% used [0x00000000d5b00000,0x00000000d850d448,0x00000000d9c00000)
  from space 5120K, 99% used [0x00000000da100000,0x00000000da5fb7d0,0x00000000da600000)
  to   space 5120K, 0% used [0x00000000d9c00000,0x00000000d9c00000,0x00000000da100000)
 ParOldGen       total 87552K, used 1823K [0x0000000081000000, 0x0000000086580000, 0x00000000d5b00000)
  object space 87552K, 2% used [0x0000000081000000,0x00000000811c7de8,0x0000000086580000)
 Metaspace       used 20440K, capacity 21252K, committed 21296K, reserved 1067008K
  class space    used 2629K, capacity 2824K, committed 2864K, reserved 1048576K
Event: 3.057 GC heap after
Heap after GC invocations=5 (full 0):
 PSYoungGen      total 71680K, used 5104K [0x00000000d5b00000, 0x00000000dee00000, 0x0000000100000000)
  eden space 66560K, 0% used [0x00000000d5b00000,0x00000000d5b00000,0x00000000d9c00000)
  from space 5120K, 99% used [0x00000000d9c00000,0x00000000da0fc1a0,0x00000000da100000)
  to   space 8704K, 0% used [0x00000000de580000,0x00000000de580000,0x00000000dee00000)
 ParOldGen       total 87552K, used 4993K [0x0000000081000000, 0x0000000086580000, 0x00000000d5b00000)
  object space 87552K, 5% used [0x0000000081000000,0x00000000814e0718,0x0000000086580000)
 Metaspace       used 20440K, capacity 21252K, committed 21296K, reserved 1067008K
  class space    used 2629K, capacity 2824K, committed 2864K, reserved 1048576K
}
Event: 3.057 GC heap before
{Heap before GC invocations=6 (full 1):
 PSYoungGen      total 71680K, used 5104K [0x00000000d5b00000, 0x00000000dee00000, 0x0000000100000000)
  eden space 66560K, 0% used [0x00000000d5b00000,0x00000000d5b00000,0x00000000d9c00000)
  from space 5120K, 99% used [0x00000000d9c00000,0x00000000da0fc1a0,0x00000000da100000)
  to   space 8704K, 0% used [0x00000000de580000,0x00000000de580000,0x00000000dee00000)
 ParOldGen       total 87552K, used 4993K [0x0000000081000000, 0x0000000086580000, 0x00000000d5b00000)
  object space 87552K, 5% used [0x0000000081000000,0x00000000814e0718,0x0000000086580000)
 Metaspace       used 20440K, capacity 21252K, committed 21296K, reserved 1067008K
  class space    used 2629K, capacity 2824K, committed 2864K, reserved 1048576K
Event: 3.086 GC heap after
Heap after GC invocations=6 (full 1):
 PSYoungGen      total 71680K, used 0K [0x00000000d5b00000, 0x00000000dee00000, 0x0000000100000000)
  eden space 66560K, 0% used [0x00000000d5b00000,0x00000000d5b00000,0x00000000d9c00000)
  from space 5120K, 0% used [0x00000000d9c00000,0x00000000d9c00000,0x00000000da100000)
  to   space 8704K, 0% used [0x00000000de580000,0x00000000de580000,0x00000000dee00000)
 ParOldGen       total 55296K, used 8135K [0x0000000081000000, 0x0000000084600000, 0x00000000d5b00000)
  object space 55296K, 14% used [0x0000000081000000,0x00000000817f1eb0,0x0000000084600000)
 Metaspace       used 20440K, capacity 21252K, committed 21296K, reserved 1067008K
  class space    used 2629K, capacity 2824K, committed 2864K, reserved 1048576K
}
Event: 3.753 GC heap before
{Heap before GC invocations=7 (full 1):
 PSYoungGen      total 71680K, used 66560K [0x00000000d5b00000, 0x00000000dee00000, 0x0000000100000000)
  eden space 66560K, 100% used [0x00000000d5b00000,0x00000000d9c00000,0x00000000d9c00000)
  from space 5120K, 0% used [0x00000000d9c00000,0x00000000d9c00000,0x00000000da100000)
  to   space 8704K, 0% used [0x00000000de580000,0x00000000de580000,0x00000000dee00000)
 ParOldGen       total 55296K, used 8135K [0x0000000081000000, 0x0000000084600000, 0x00000000d5b00000)
  object space 55296K, 14% used [0x0000000081000000,0x00000000817f1eb0,0x0000000084600000)
 Metaspace       used 24329K, capacity 25414K, committed 25648K, reserved 1071104K
  class space    used 3117K, capacity 3360K, committed 3376K, reserved 1048576K
Event: 3.762 GC heap after
Heap after GC invocations=7 (full 1):
 PSYoungGen      total 117248K, used 6456K [0x00000000d5b00000, 0x00000000dec00000, 0x0000000100000000)
  eden space 110592K, 0% used [0x00000000d5b00000,0x00000000d5b00000,0x00000000dc700000)
  from space 6656K, 97% used [0x00000000de580000,0x00000000debce3e8,0x00000000dec00000)
  to   space 8192K, 0% used [0x00000000ddc00000,0x00000000ddc00000,0x00000000de400000)
 ParOldGen       total 55296K, used 8143K [0x0000000081000000, 0x0000000084600000, 0x00000000d5b00000)
  object space 55296K, 14% used [0x0000000081000000,0x00000000817f3eb0,0x0000000084600000)
 Metaspace       used 24329K, capacity 25414K, committed 25648K, reserved 1071104K
  class space    used 3117K, capacity 3360K, committed 3376K, reserved 1048576K
}
Event: 6.474 GC heap before
{Heap before GC invocations=8 (full 1):
 PSYoungGen      total 117248K, used 114270K [0x00000000d5b00000, 0x00000000dec00000, 0x0000000100000000)
  eden space 110592K, 97% used [0x00000000d5b00000,0x00000000dc449690,0x00000000dc700000)
  from space 6656K, 97% used [0x00000000de580000,0x00000000debce3e8,0x00000000dec00000)
  to   space 8192K, 0% used [0x00000000ddc00000,0x00000000ddc00000,0x00000000de400000)
 ParOldGen       total 55296K, used 8143K [0x0000000081000000, 0x0000000084600000, 0x00000000d5b00000)
  object space 55296K, 14% used [0x0000000081000000,0x00000000817f3eb0,0x0000000084600000)
 Metaspace       used 33309K, capacity 35388K, committed 35496K, reserved 1079296K
  class space    used 4334K, capacity 4731K, committed 4784K, reserved 1048576K
Event: 6.490 GC heap after
Heap after GC invocations=8 (full 1):
 PSYoungGen      total 118784K, used 8164K [0x00000000d5b00000, 0x00000000dec00000, 0x0000000100000000)
  eden space 110592K, 0% used [0x00000000d5b00000,0x00000000d5b00000,0x00000000dc700000)
  from space 8192K, 99% used [0x00000000ddc00000,0x00000000de3f9200,0x00000000de400000)
  to   space 6656K, 0% used [0x00000000de580000,0x00000000de580000,0x00000000dec00000)
 ParOldGen       total 55296K, used 12455K [0x0000000081000000, 0x0000000084600000, 0x00000000d5b00000)
  object space 55296K, 22% used [0x0000000081000000,0x0000000081c29f80,0x0000000084600000)
 Metaspace       used 33309K, capacity 35388K, committed 35496K, reserved 1079296K
  class space    used 4334K, capacity 4731K, committed 4784K, reserved 1048576K
}
Event: 6.490 GC heap before
{Heap before GC invocations=9 (full 2):
 PSYoungGen      total 118784K, used 8164K [0x00000000d5b00000, 0x00000000dec00000, 0x0000000100000000)
  eden space 110592K, 0% used [0x00000000d5b00000,0x00000000d5b00000,0x00000000dc700000)
  from space 8192K, 99% used [0x00000000ddc00000,0x00000000de3f9200,0x00000000de400000)
  to   space 6656K, 0% used [0x00000000de580000,0x00000000de580000,0x00000000dec00000)
 ParOldGen       total 55296K, used 12455K [0x0000000081000000, 0x0000000084600000, 0x00000000d5b00000)
  object space 55296K, 22% used [0x0000000081000000,0x0000000081c29f80,0x0000000084600000)
 Metaspace       used 33309K, capacity 35388K, committed 35496K, reserved 1079296K
  class space    used 4334K, capacity 4731K, committed 4784K, reserved 1048576K
Event: 6.548 GC heap after
Heap after GC invocations=9 (full 2):
 PSYoungGen      total 118784K, used 0K [0x00000000d5b00000, 0x00000000dec00000, 0x0000000100000000)
  eden space 110592K, 0% used [0x00000000d5b00000,0x00000000d5b00000,0x00000000dc700000)
  from space 8192K, 0% used [0x00000000ddc00000,0x00000000ddc00000,0x00000000de400000)
  to   space 6656K, 0% used [0x00000000de580000,0x00000000de580000,0x00000000dec00000)
 ParOldGen       total 55296K, used 16739K [0x0000000081000000, 0x0000000084600000, 0x00000000d5b00000)
  object space 55296K, 30% used [0x0000000081000000,0x0000000082058e40,0x0000000084600000)
 Metaspace       used 33309K, capacity 35388K, committed 35496K, reserved 1079296K
  class space    used 4334K, capacity 4731K, committed 4784K, reserved 1048576K
}

